android/app/build/intermediates/manifest_merge_blame_file/debug/manifest-merger-blame-debug-report.txt
1<?xml version="1.0" encoding="utf-8"?>
2<manifest xmlns:android="http://schemas.android.com/apk/res/android"
3    package="com.firebaseauth"
4    android:versionCode="1"
5    android:versionName="1.0" >
6
7    <uses-sdk
8        android:minSdkVersion="21"
9        android:targetSdkVersion="28" />
10
11    <uses-permission android:name="android.permission.SYSTEM_ALERT_WINDOW" />
11-->src\main\AndroidManifest.xml:3:3-75
11-->src\main\AndroidManifest.xml:3:20-73
12    <uses-permission android:name="android.permission.INTERNET" /> <!-- OPTIONAL PERMISSIONS, REMOVE WHATEVER YOU DO NOT NEED -->
12-->src\main\AndroidManifest.xml:2:3-64
12-->src\main\AndroidManifest.xml:2:20-62
13    <uses-permission android:name="android.permission.MANAGE_DOCUMENTS" />
13-->src\main\AndroidManifest.xml:5:3-72
13-->src\main\AndroidManifest.xml:5:20-70
14    <uses-permission android:name="android.permission.READ_INTERNAL_STORAGE" />
14-->src\main\AndroidManifest.xml:6:3-77
14-->src\main\AndroidManifest.xml:6:20-75
15    <uses-permission android:name="android.permission.READ_PHONE_STATE" />
15-->src\main\AndroidManifest.xml:7:3-72
15-->src\main\AndroidManifest.xml:7:20-70
16    <uses-permission android:name="android.permission.USE_FINGERPRINT" />
16-->src\main\AndroidManifest.xml:8:3-71
16-->src\main\AndroidManifest.xml:8:20-69
17    <uses-permission android:name="android.permission.VIBRATE" />
17-->src\main\AndroidManifest.xml:9:3-63
17-->src\main\AndroidManifest.xml:9:20-61
18    <uses-permission android:name="android.permission.MODIFY_AUDIO_SETTINGS" /> <!-- These require runtime permissions on M -->
18-->src\main\AndroidManifest.xml:10:3-77
18-->src\main\AndroidManifest.xml:10:20-75
19    <uses-permission android:name="android.permission.ACCESS_COARSE_LOCATION" />
19-->src\main\AndroidManifest.xml:12:3-78
19-->src\main\AndroidManifest.xml:12:20-76
20    <uses-permission android:name="android.permission.ACCESS_FINE_LOCATION" />
20-->src\main\AndroidManifest.xml:13:3-76
20-->src\main\AndroidManifest.xml:13:20-74
21    <uses-permission android:name="android.permission.CAMERA" />
21-->src\main\AndroidManifest.xml:14:3-62
21-->src\main\AndroidManifest.xml:14:20-60
22    <uses-permission android:name="android.permission.READ_CONTACTS" />
22-->src\main\AndroidManifest.xml:15:3-69
22-->src\main\AndroidManifest.xml:15:20-67
23    <uses-permission android:name="android.permission.READ_CALENDAR" />
23-->src\main\AndroidManifest.xml:16:3-69
23-->src\main\AndroidManifest.xml:16:20-67
24    <uses-permission android:name="android.permission.WRITE_CALENDAR" />
24-->src\main\AndroidManifest.xml:17:3-70
24-->src\main\AndroidManifest.xml:17:20-68
25    <uses-permission android:name="android.permission.READ_EXTERNAL_STORAGE" />
25-->src\main\AndroidManifest.xml:18:3-77
25-->src\main\AndroidManifest.xml:18:20-75
26    <uses-permission android:name="android.permission.RECORD_AUDIO" />
26-->src\main\AndroidManifest.xml:19:3-68
26-->src\main\AndroidManifest.xml:19:20-66
27    <uses-permission android:name="android.permission.WRITE_EXTERNAL_STORAGE" />
27-->src\main\AndroidManifest.xml:20:3-78
27-->src\main\AndroidManifest.xml:20:20-76
28    <uses-permission android:name="android.permission.WRITE_SETTINGS" />
28-->src\main\AndroidManifest.xml:21:3-70
28-->src\main\AndroidManifest.xml:21:20-68
29    <uses-permission android:name="android.permission.ACCESS_WIFI_STATE" />
29-->[com.facebook.flipper:flipper:0.33.1] AndroidManifest.xml:16:5-76
29-->[com.facebook.flipper:flipper:0.33.1] AndroidManifest.xml:16:22-73
30    <uses-permission android:name="android.permission.ACCESS_NETWORK_STATE" />
30-->[:expo-updates] AndroidManifest.xml:11:5-79
30-->[:expo-updates] AndroidManifest.xml:11:22-76
31    <uses-permission android:name="android.permission.WAKE_LOCK" />
31-->[:react-native-firebase_auth] AndroidManifest.xml:12:5-68
31-->[:react-native-firebase_auth] AndroidManifest.xml:12:22-65
32    <uses-permission android:name="android.permission.STORAGE" />
32-->[:expo-file-system] AndroidManifest.xml:15:5-66
32-->[:expo-file-system] AndroidManifest.xml:15:22-63
33    <uses-permission android:name="android.permission.FOREGROUND_SERVICE" />
33-->[:expo-location] AndroidManifest.xml:13:5-77
33-->[:expo-location] AndroidManifest.xml:13:22-74
34
35    <uses-feature
35-->[com.google.android.gms:play-services-maps:15.0.1] AndroidManifest.xml:26:5-28:35
36        android:glEsVersion="0x00020000"
36-->[com.google.android.gms:play-services-maps:15.0.1] AndroidManifest.xml:27:9-41
37        android:required="true" /> <!-- Required by older versions of Google Play services to create IID tokens -->
37-->[com.google.android.gms:play-services-maps:15.0.1] AndroidManifest.xml:28:9-32
38    <uses-permission android:name="com.google.android.c2dm.permission.RECEIVE" />
38-->[com.google.firebase:firebase-iid:20.1.5] AndroidManifest.xml:26:5-82
38-->[com.google.firebase:firebase-iid:20.1.5] AndroidManifest.xml:26:22-79
39    <uses-permission android:name="com.google.android.finsky.permission.BIND_GET_INSTALL_REFERRER_SERVICE" />
39-->[com.google.android.gms:play-services-measurement:17.4.1] AndroidManifest.xml:26:5-110
39-->[com.google.android.gms:play-services-measurement:17.4.1] AndroidManifest.xml:26:22-107
40    <uses-permission android:name="com.google.android.providers.gsf.permission.READ_GSERVICES" />
40-->[io.nlopez.smartlocation:library:3.2.11] AndroidManifest.xml:15:5-98
40-->[io.nlopez.smartlocation:library:3.2.11] AndroidManifest.xml:15:22-95
41    <uses-permission android:name="com.google.android.gms.permission.ACTIVITY_RECOGNITION" />
41-->[io.nlopez.smartlocation:library:3.2.11] AndroidManifest.xml:16:5-94
41-->[io.nlopez.smartlocation:library:3.2.11] AndroidManifest.xml:16:22-91
42
43    <application
43-->src\main\AndroidManifest.xml:23:3-47:17
44        android:name="com.firebaseauth.MainApplication"
44-->src\main\AndroidManifest.xml:24:5-36
45        android:allowBackup="false"
45-->src\main\AndroidManifest.xml:28:5-32
46        android:appComponentFactory="androidx.core.app.CoreComponentFactory"
46-->[androidx.core:core:1.1.0] AndroidManifest.xml:24:18-86
47        android:debuggable="true"
48        android:icon="@mipmap/ic_launcher"
48-->src\main\AndroidManifest.xml:26:5-39
49        android:label="@string/app_name"
49-->src\main\AndroidManifest.xml:25:5-37
50        android:roundIcon="@mipmap/ic_launcher_round"
50-->src\main\AndroidManifest.xml:27:5-50
51        android:theme="@style/AppTheme"
51-->src\main\AndroidManifest.xml:29:5-36
52        android:usesCleartextTraffic="true" >
52-->src\debug\AndroidManifest.xml:6:18-53
53        <meta-data
53-->src\main\AndroidManifest.xml:31:5-103
54            android:name="expo.modules.updates.EXPO_UPDATE_URL"
54-->src\main\AndroidManifest.xml:31:16-67
55            android:value="YOUR-APP-URL-HERE" />
55-->src\main\AndroidManifest.xml:31:68-101
56        <meta-data
56-->src\main\AndroidManifest.xml:32:5-112
57            android:name="expo.modules.updates.EXPO_SDK_VERSION"
57-->src\main\AndroidManifest.xml:32:16-68
58            android:value="YOUR-APP-SDK-VERSION-HERE" />
58-->src\main\AndroidManifest.xml:32:69-110
59
60        <activity
60-->src\main\AndroidManifest.xml:33:5-45:16
61            android:name="com.firebaseauth.MainActivity"
61-->src\main\AndroidManifest.xml:34:7-35
62            android:configChanges="keyboard|keyboardHidden|orientation|screenSize|uiMode"
62-->src\main\AndroidManifest.xml:36:7-84
63            android:label="@string/app_name"
63-->src\main\AndroidManifest.xml:35:7-39
64            android:launchMode="singleTask"
64-->src\main\AndroidManifest.xml:37:7-38
65            android:theme="@style/Theme.App.SplashScreen"
65-->src\main\AndroidManifest.xml:39:7-52
66            android:windowSoftInputMode="adjustResize" >
66-->src\main\AndroidManifest.xml:38:7-49
67            <intent-filter>
67-->src\main\AndroidManifest.xml:41:7-44:23
68                <action android:name="android.intent.action.MAIN" />
68-->src\main\AndroidManifest.xml:42:9-60
68-->src\main\AndroidManifest.xml:42:17-58
69
70                <category android:name="android.intent.category.LAUNCHER" />
70-->src\main\AndroidManifest.xml:43:9-68
70-->src\main\AndroidManifest.xml:43:19-66
71            </intent-filter>
72        </activity>
73        <activity android:name="com.facebook.react.devsupport.DevSettingsActivity" />
73-->src\main\AndroidManifest.xml:46:5-81
73-->src\main\AndroidManifest.xml:46:15-79
74        <activity
74-->[:tipsi-stripe] AndroidManifest.xml:12:9-16:75
75            android:name="com.gettipsi.stripe.OpenBrowserActivity"
75-->[:tipsi-stripe] AndroidManifest.xml:13:13-67
76            android:exported="false"
76-->[:tipsi-stripe] AndroidManifest.xml:14:13-37
77            android:launchMode="singleTask"
77-->[:tipsi-stripe] AndroidManifest.xml:15:13-44
78            android:theme="@android:style/Theme.Translucent.NoTitleBar" />
78-->[:tipsi-stripe] AndroidManifest.xml:16:13-72
79        <activity
79-->[:tipsi-stripe] AndroidManifest.xml:17:9-30:20
80            android:name="com.gettipsi.stripe.RedirectUriReceiver"
80-->[:tipsi-stripe] AndroidManifest.xml:18:13-67
81            android:exported="true"
81-->[:tipsi-stripe] AndroidManifest.xml:19:13-36
82            android:launchMode="singleTask"
82-->[:tipsi-stripe] AndroidManifest.xml:20:13-44
83            android:theme="@android:style/Theme.Translucent.NoTitleBar.Fullscreen" >
83-->[:tipsi-stripe] AndroidManifest.xml:21:13-83
84            <intent-filter>
84-->[:tipsi-stripe] AndroidManifest.xml:22:13-29:29
85                <action android:name="android.intent.action.VIEW" />
85-->[:tipsi-stripe] AndroidManifest.xml:23:17-69
85-->[:tipsi-stripe] AndroidManifest.xml:23:25-66
86
87                <category android:name="android.intent.category.DEFAULT" />
87-->[:tipsi-stripe] AndroidManifest.xml:25:17-76
87-->[:tipsi-stripe] AndroidManifest.xml:25:27-73
88                <category android:name="android.intent.category.BROWSABLE" />
88-->[:tipsi-stripe] AndroidManifest.xml:26:17-78
88-->[:tipsi-stripe] AndroidManifest.xml:26:27-75
89
90                <data android:scheme="example" />
90-->[:tipsi-stripe] AndroidManifest.xml:28:17-50
90-->[:tipsi-stripe] AndroidManifest.xml:28:23-47
91            </intent-filter>
92        </activity>
93
94        <meta-data
94-->[:unimodules-react-native-adapter] AndroidManifest.xml:12:9-14:91
95            android:name="org.unimodules.core.AppLoader#react-native-headless"
95-->[:unimodules-react-native-adapter] AndroidManifest.xml:13:13-79
96            android:value="org.unimodules.adapters.react.apploader.RNHeadlessAppLoader" />
96-->[:unimodules-react-native-adapter] AndroidManifest.xml:14:13-88
97
98        <provider
98-->[:react-native-webview] AndroidManifest.xml:12:9-20:20
99            android:name="com.reactnativecommunity.webview.RNCWebViewFileProvider"
99-->[:react-native-webview] AndroidManifest.xml:13:13-83
100            android:authorities="com.firebaseauth.fileprovider"
100-->[:react-native-webview] AndroidManifest.xml:14:13-64
101            android:exported="false"
101-->[:react-native-webview] AndroidManifest.xml:15:13-37
102            android:grantUriPermissions="true" >
102-->[:react-native-webview] AndroidManifest.xml:16:13-47
103            <meta-data
103-->[:react-native-webview] AndroidManifest.xml:17:13-19:63
104                android:name="android.support.FILE_PROVIDER_PATHS"
104-->[:react-native-webview] AndroidManifest.xml:18:17-67
105                android:resource="@xml/file_provider_paths" />
105-->[:react-native-webview] AndroidManifest.xml:19:17-60
106        </provider>
107        <provider
107-->[:expo-file-system] AndroidManifest.xml:18:9-27:20
108            android:name="expo.modules.filesystem.FileSystemFileProvider"
108-->[:expo-file-system] AndroidManifest.xml:19:13-74
109            android:authorities="com.firebaseauth.FileSystemFileProvider"
109-->[:expo-file-system] AndroidManifest.xml:20:13-74
110            android:exported="false"
110-->[:expo-file-system] AndroidManifest.xml:21:13-37
111            android:grantUriPermissions="true" >
111-->[:expo-file-system] AndroidManifest.xml:22:13-47
112            <meta-data
112-->[:react-native-webview] AndroidManifest.xml:17:13-19:63
113                android:name="android.support.FILE_PROVIDER_PATHS"
113-->[:react-native-webview] AndroidManifest.xml:18:17-67
114                android:resource="@xml/file_system_provider_paths" />
114-->[:react-native-webview] AndroidManifest.xml:19:17-60
115        </provider>
116
117        <activity
117-->[:expo-payments-stripe] AndroidManifest.xml:12:9-16:75
118            android:name="expo.modules.payments.stripe.OpenBrowserActivity"
118-->[:expo-payments-stripe] AndroidManifest.xml:13:13-76
119            android:exported="false"
119-->[:expo-payments-stripe] AndroidManifest.xml:14:13-37
120            android:launchMode="singleTask"
120-->[:expo-payments-stripe] AndroidManifest.xml:15:13-44
121            android:theme="@android:style/Theme.Translucent.NoTitleBar" />
121-->[:expo-payments-stripe] AndroidManifest.xml:16:13-72
122
123        <service
123-->[:expo-location] AndroidManifest.xml:16:9-18:40
124            android:name="expo.modules.location.services.LocationTaskService"
124-->[:expo-location] AndroidManifest.xml:17:13-78
125            android:exported="false" />
125-->[:expo-location] AndroidManifest.xml:18:13-37
126
127        <activity
127-->[com.stripe:stripe-android:8.1.0] AndroidManifest.xml:12:9-16:20
128            android:name="com.stripe.android.view.AddSourceActivity"
128-->[com.stripe:stripe-android:8.1.0] AndroidManifest.xml:13:13-69
129            android:theme="@style/StripeDefaultTheme"
129-->[com.stripe:stripe-android:8.1.0] AndroidManifest.xml:14:13-54
130            android:windowSoftInputMode="stateVisible" >
130-->[com.stripe:stripe-android:8.1.0] AndroidManifest.xml:15:13-55
131        </activity>
132        <activity
132-->[com.stripe:stripe-android:8.1.0] AndroidManifest.xml:17:9-20:20
133            android:name="com.stripe.android.view.PaymentMethodsActivity"
133-->[com.stripe:stripe-android:8.1.0] AndroidManifest.xml:18:13-74
134            android:theme="@style/StripeDefaultTheme" >
134-->[com.stripe:stripe-android:8.1.0] AndroidManifest.xml:19:13-54
135        </activity>
136        <activity
136-->[com.stripe:stripe-android:8.1.0] AndroidManifest.xml:21:9-24:20
137            android:name="com.stripe.android.view.PaymentFlowActivity"
137-->[com.stripe:stripe-android:8.1.0] AndroidManifest.xml:22:13-71
138            android:theme="@style/StripeDefaultTheme" >
138-->[com.stripe:stripe-android:8.1.0] AndroidManifest.xml:23:13-54
139        </activity>
140        <activity
140-->[com.google.firebase:firebase-auth:19.3.1] AndroidManifest.xml:24:9-31:50
141            android:name="com.google.firebase.auth.internal.FederatedSignInActivity"
141-->[com.google.firebase:firebase-auth:19.3.1] AndroidManifest.xml:25:13-85
142            android:excludeFromRecents="true"
142-->[com.google.firebase:firebase-auth:19.3.1] AndroidManifest.xml:26:13-46
143            android:exported="true"
143-->[com.google.firebase:firebase-auth:19.3.1] AndroidManifest.xml:27:13-36
144            android:launchMode="singleTask"
144-->[com.google.firebase:firebase-auth:19.3.1] AndroidManifest.xml:28:13-44
145            android:permission="com.google.firebase.auth.api.gms.permission.LAUNCH_FEDERATED_SIGN_IN"
145-->[com.google.firebase:firebase-auth:19.3.1] AndroidManifest.xml:29:13-102
146            android:theme="@android:style/Theme.Translucent.NoTitleBar" />
146-->[com.google.firebase:firebase-auth:19.3.1] AndroidManifest.xml:30:13-72
147
148        <service
148-->[com.google.firebase:firebase-auth:19.3.1] AndroidManifest.xml:33:9-39:19
149            android:name="com.google.firebase.components.ComponentDiscoveryService"
149-->[com.google.firebase:firebase-auth:19.3.1] AndroidManifest.xml:34:13-84
150            android:directBootAware="true"
150-->[com.google.firebase:firebase-common:19.3.0] AndroidManifest.xml:34:13-43
151            android:exported="false" >
151-->[com.google.firebase:firebase-auth:19.3.1] AndroidManifest.xml:35:13-37
152            <meta-data
152-->[com.google.firebase:firebase-auth:19.3.1] AndroidManifest.xml:36:13-38:85
153                android:name="com.google.firebase.components:com.google.firebase.auth.FirebaseAuthRegistrar"
153-->[com.google.firebase:firebase-auth:19.3.1] AndroidManifest.xml:37:17-109
154                android:value="com.google.firebase.components.ComponentRegistrar" />
154-->[com.google.firebase:firebase-auth:19.3.1] AndroidManifest.xml:38:17-82
155            <meta-data
155-->[com.google.android.gms:play-services-measurement-api:17.4.1] AndroidManifest.xml:30:13-32:85
156                android:name="com.google.firebase.components:com.google.firebase.analytics.connector.internal.AnalyticsConnectorRegistrar"
156-->[com.google.android.gms:play-services-measurement-api:17.4.1] AndroidManifest.xml:31:17-139
157                android:value="com.google.firebase.components.ComponentRegistrar" />
157-->[com.google.android.gms:play-services-measurement-api:17.4.1] AndroidManifest.xml:32:17-82
158            <meta-data
158-->[com.google.firebase:firebase-iid:20.1.5] AndroidManifest.xml:32:13-34:85
159                android:name="com.google.firebase.components:com.google.firebase.iid.Registrar"
159-->[com.google.firebase:firebase-iid:20.1.5] AndroidManifest.xml:33:17-96
160                android:value="com.google.firebase.components.ComponentRegistrar" />
160-->[com.google.firebase:firebase-iid:20.1.5] AndroidManifest.xml:34:17-82
161            <meta-data
161-->[com.google.firebase:firebase-installations:16.2.1] AndroidManifest.xml:17:13-19:85
162                android:name="com.google.firebase.components:com.google.firebase.installations.FirebaseInstallationsRegistrar"
162-->[com.google.firebase:firebase-installations:16.2.1] AndroidManifest.xml:18:17-127
163                android:value="com.google.firebase.components.ComponentRegistrar" />
163-->[com.google.firebase:firebase-installations:16.2.1] AndroidManifest.xml:19:17-82
164        </service>
165
166        <receiver
166-->[com.google.firebase:firebase-iid:20.1.5] AndroidManifest.xml:37:9-44:20
167            android:name="com.google.firebase.iid.FirebaseInstanceIdReceiver"
167-->[com.google.firebase:firebase-iid:20.1.5] AndroidManifest.xml:38:13-78
168            android:exported="true"
168-->[com.google.firebase:firebase-iid:20.1.5] AndroidManifest.xml:39:13-36
169            android:permission="com.google.android.c2dm.permission.SEND" >
169-->[com.google.firebase:firebase-iid:20.1.5] AndroidManifest.xml:40:13-73
170            <intent-filter>
170-->[com.google.firebase:firebase-iid:20.1.5] AndroidManifest.xml:41:13-43:29
171                <action android:name="com.google.android.c2dm.intent.RECEIVE" />
171-->[com.google.firebase:firebase-iid:20.1.5] AndroidManifest.xml:42:17-81
171-->[com.google.firebase:firebase-iid:20.1.5] AndroidManifest.xml:42:25-78
172            </intent-filter>
173        </receiver>
174
175        <activity
175-->[com.google.android.gms:play-services-base:17.1.0] AndroidManifest.xml:23:9-26:75
176            android:name="com.google.android.gms.common.api.GoogleApiActivity"
176-->[com.google.android.gms:play-services-base:17.1.0] AndroidManifest.xml:24:13-79
177            android:exported="false"
177-->[com.google.android.gms:play-services-base:17.1.0] AndroidManifest.xml:25:13-37
178            android:theme="@android:style/Theme.Translucent.NoTitleBar" />
178-->[com.google.android.gms:play-services-base:17.1.0] AndroidManifest.xml:26:13-72
179
180        <provider
180-->[com.google.firebase:firebase-common:19.3.0] AndroidManifest.xml:26:9-30:39
181            android:name="com.google.firebase.provider.FirebaseInitProvider"
181-->[com.google.firebase:firebase-common:19.3.0] AndroidManifest.xml:27:13-77
182            android:authorities="com.firebaseauth.firebaseinitprovider"
182-->[com.google.firebase:firebase-common:19.3.0] AndroidManifest.xml:28:13-72
183            android:exported="false"
183-->[com.google.firebase:firebase-common:19.3.0] AndroidManifest.xml:29:13-37
184            android:initOrder="100" />
184-->[com.google.firebase:firebase-common:19.3.0] AndroidManifest.xml:30:13-36
185
186        <receiver
186-->[com.google.android.gms:play-services-measurement:17.4.1] AndroidManifest.xml:29:9-33:20
187            android:name="com.google.android.gms.measurement.AppMeasurementReceiver"
187-->[com.google.android.gms:play-services-measurement:17.4.1] AndroidManifest.xml:30:13-85
188            android:enabled="true"
188-->[com.google.android.gms:play-services-measurement:17.4.1] AndroidManifest.xml:31:13-35
189            android:exported="false" >
189-->[com.google.android.gms:play-services-measurement:17.4.1] AndroidManifest.xml:32:13-37
190        </receiver>
191
192        <service
192-->[com.google.android.gms:play-services-measurement:17.4.1] AndroidManifest.xml:35:9-38:40
193            android:name="com.google.android.gms.measurement.AppMeasurementService"
193-->[com.google.android.gms:play-services-measurement:17.4.1] AndroidManifest.xml:36:13-84
194            android:enabled="true"
194-->[com.google.android.gms:play-services-measurement:17.4.1] AndroidManifest.xml:37:13-35
195            android:exported="false" />
195-->[com.google.android.gms:play-services-measurement:17.4.1] AndroidManifest.xml:38:13-37
196        <service
196-->[com.google.android.gms:play-services-measurement:17.4.1] AndroidManifest.xml:39:9-43:72
197            android:name="com.google.android.gms.measurement.AppMeasurementJobService"
197-->[com.google.android.gms:play-services-measurement:17.4.1] AndroidManifest.xml:40:13-87
198            android:enabled="true"
198-->[com.google.android.gms:play-services-measurement:17.4.1] AndroidManifest.xml:41:13-35
199            android:exported="false"
199-->[com.google.android.gms:play-services-measurement:17.4.1] AndroidManifest.xml:42:13-37
200            android:permission="android.permission.BIND_JOB_SERVICE" />
200-->[com.google.android.gms:play-services-measurement:17.4.1] AndroidManifest.xml:43:13-69
201
202        <meta-data
202-->[com.google.android.gms:play-services-basement:17.0.0] AndroidManifest.xml:23:9-25:69
203            android:name="com.google.android.gms.version"
203-->[com.google.android.gms:play-services-basement:17.0.0] AndroidManifest.xml:24:13-58
204            android:value="@integer/google_play_services_version" />
204-->[com.google.android.gms:play-services-basement:17.0.0] AndroidManifest.xml:25:13-66
205
206        <service
206-->[androidx.room:room-runtime:2.1.0] AndroidManifest.xml:25:9-27:40
207            android:name="androidx.room.MultiInstanceInvalidationService"
207-->[androidx.room:room-runtime:2.1.0] AndroidManifest.xml:26:13-74
208            android:exported="false" />
208-->[androidx.room:room-runtime:2.1.0] AndroidManifest.xml:27:13-37
209        <service
209-->[io.nlopez.smartlocation:library:3.2.11] AndroidManifest.xml:19:9-21:40
210            android:name="io.nlopez.smartlocation.activity.providers.ActivityGooglePlayServicesProvider$ActivityRecognitionService"
210-->[io.nlopez.smartlocation:library:3.2.11] AndroidManifest.xml:20:13-132
211            android:exported="false" />
211-->[io.nlopez.smartlocation:library:3.2.11] AndroidManifest.xml:21:13-37
212        <service
212-->[io.nlopez.smartlocation:library:3.2.11] AndroidManifest.xml:22:9-24:40
213            android:name="io.nlopez.smartlocation.geofencing.providers.GeofencingGooglePlayServicesProvider$GeofencingService"
213-->[io.nlopez.smartlocation:library:3.2.11] AndroidManifest.xml:23:13-127
214            android:exported="false" />
214-->[io.nlopez.smartlocation:library:3.2.11] AndroidManifest.xml:24:13-37
215        <service
215-->[io.nlopez.smartlocation:library:3.2.11] AndroidManifest.xml:25:9-27:40
216            android:name="io.nlopez.smartlocation.geocoding.providers.AndroidGeocodingProvider$AndroidGeocodingService"
216-->[io.nlopez.smartlocation:library:3.2.11] AndroidManifest.xml:26:13-120
217            android:exported="false" />
217-->[io.nlopez.smartlocation:library:3.2.11] AndroidManifest.xml:27:13-37
218    </application>
219
220</manifest>